Traceback (most recent call last):
  File "/usr/local/lib/python3.9/dist-packages/jupyter_cache/executors/utils.py", line 58, in single_nb_execution
    executenb(
  File "/usr/local/lib/python3.9/dist-packages/nbclient/client.py", line 1204, in execute
    return NotebookClient(nb=nb, resources=resources, km=km, **kwargs).execute()
  File "/usr/local/lib/python3.9/dist-packages/nbclient/util.py", line 84, in wrapped
    return just_run(coro(*args, **kwargs))
  File "/usr/local/lib/python3.9/dist-packages/nbclient/util.py", line 62, in just_run
    return loop.run_until_complete(coro)
  File "/usr/lib/python3.9/asyncio/base_events.py", line 647, in run_until_complete
    return future.result()
  File "/usr/local/lib/python3.9/dist-packages/nbclient/client.py", line 663, in async_execute
    await self.async_execute_cell(
  File "/usr/local/lib/python3.9/dist-packages/nbclient/client.py", line 965, in async_execute_cell
    await self._check_raise_for_error(cell, cell_index, exec_reply)
  File "/usr/local/lib/python3.9/dist-packages/nbclient/client.py", line 862, in _check_raise_for_error
    raise CellExecutionError.from_cell_and_msg(cell, exec_reply_content)
nbclient.exceptions.CellExecutionError: An error occurred while executing the following cell:
------------------
#Code nomor 1

import random

# Generate random numbers
ANGKA1 = random.randint(0, 9)
ANGKA2 = random.randint(0, 9)
ANGKA3 = random.randint(0, 9)

# Prompt the user to enter an answer
answer = eval(input('What is '+ str(ANGKA1) + ' + ' + str(ANGKA2) + ' + ' +  str(ANGKA3) +' ? '))

a1= ANGKA1
a2= ANGKA2
a3= ANGKA3

if a1 < a2 and a1 < a3:
    print("angka yang terkecil adalah = ", a1)
if a2 < a1 and a2 < a3:
    print(" angka yang terkecil adalah = ",a2)    
if a3 < a1 and a3 < a2 :
    print(" angka yang terkecil adalah = ",a3)    

# Display result
print(ANGKA1, ' + ', ANGKA2,' + ' ,ANGKA3,"=", answer,"is", ANGKA1 + ANGKA2 + ANGKA3 == answer)
------------------

[0;31m[0m
[0;31mStdinNotImplementedError[0mTraceback (most recent call last)
[0;32m<ipython-input-1-fc1c9d0c58b2>[0m in [0;36m<cell line: 11>[0;34m()[0m
[1;32m      9[0m [0;34m[0m[0m
[1;32m     10[0m [0;31m# Prompt the user to enter an answer[0m[0;34m[0m[0;34m[0m[0m
[0;32m---> 11[0;31m [0manswer[0m [0;34m=[0m [0meval[0m[0;34m([0m[0minput[0m[0;34m([0m[0;34m'What is '[0m[0;34m+[0m [0mstr[0m[0;34m([0m[0mANGKA1[0m[0;34m)[0m [0;34m+[0m [0;34m' + '[0m [0;34m+[0m [0mstr[0m[0;34m([0m[0mANGKA2[0m[0;34m)[0m [0;34m+[0m [0;34m' + '[0m [0;34m+[0m  [0mstr[0m[0;34m([0m[0mANGKA3[0m[0;34m)[0m [0;34m+[0m[0;34m' ? '[0m[0;34m)[0m[0;34m)[0m[0;34m[0m[0;34m[0m[0m
[0m[1;32m     12[0m [0;34m[0m[0m
[1;32m     13[0m [0ma1[0m[0;34m=[0m [0mANGKA1[0m[0;34m[0m[0;34m[0m[0m

[0;32m/usr/local/lib/python3.9/dist-packages/ipykernel/kernelbase.py[0m in [0;36mraw_input[0;34m(self, prompt)[0m
[1;32m    846[0m         """
[1;32m    847[0m         [0;32mif[0m [0;32mnot[0m [0mself[0m[0;34m.[0m[0m_allow_stdin[0m[0;34m:[0m[0;34m[0m[0;34m[0m[0m
[0;32m--> 848[0;31m             raise StdinNotImplementedError(
[0m[1;32m    849[0m                 [0;34m"raw_input was called, but this frontend does not support input requests."[0m[0;34m[0m[0;34m[0m[0m
[1;32m    850[0m             )

[0;31mStdinNotImplementedError[0m: raw_input was called, but this frontend does not support input requests.
StdinNotImplementedError: raw_input was called, but this frontend does not support input requests.

