Traceback (most recent call last):
  File "/usr/local/lib/python3.9/dist-packages/jupyter_cache/executors/utils.py", line 58, in single_nb_execution
    executenb(
  File "/usr/local/lib/python3.9/dist-packages/nbclient/client.py", line 1204, in execute
    return NotebookClient(nb=nb, resources=resources, km=km, **kwargs).execute()
  File "/usr/local/lib/python3.9/dist-packages/nbclient/util.py", line 84, in wrapped
    return just_run(coro(*args, **kwargs))
  File "/usr/local/lib/python3.9/dist-packages/nbclient/util.py", line 62, in just_run
    return loop.run_until_complete(coro)
  File "/usr/lib/python3.9/asyncio/base_events.py", line 647, in run_until_complete
    return future.result()
  File "/usr/local/lib/python3.9/dist-packages/nbclient/client.py", line 663, in async_execute
    await self.async_execute_cell(
  File "/usr/local/lib/python3.9/dist-packages/nbclient/client.py", line 965, in async_execute_cell
    await self._check_raise_for_error(cell, cell_index, exec_reply)
  File "/usr/local/lib/python3.9/dist-packages/nbclient/client.py", line 862, in _check_raise_for_error
    raise CellExecutionError.from_cell_and_msg(cell, exec_reply_content)
nbclient.exceptions.CellExecutionError: An error occurred while executing the following cell:
------------------
# nomor 1

import time
import random
correctCount = 0  #Count the number of correct answers
count = 0 #Count the number of questions
startTime = time.time()*1000.0
while (count < 10):
    number1 = random.randint(1,16)
    number2 = random.randint(1,16)
    #Prompt the student to answer "what is number1 – number2?"
    print("Berapakah  {}  -  {} ? ".format(number1,number2))
    answer = int(input())
    #Grade the answer and display the result
    if (number1 - number2 == answer):
        print( "Jawaban mu benar!")
        correctCount=correctCount+1
    else:
        print("jawabanmu salah.\n {} - {}  yang benar adalah : ".format(number1,number2), (number1 - number2))
    #Increase the count by incremeting variable called "count"
    count=count+1
print("jawaban yang benar : ",correctCount)
endTime = time.time()*1000.0
print("Waktumu adalah  {} detik".format((endTime - startTime) / 1000))
------------------

[0;31m[0m
[0;31mStdinNotImplementedError[0mTraceback (most recent call last)
[0;32m<ipython-input-1-20d3795feef8>[0m in [0;36m<cell line: 8>[0;34m()[0m
[1;32m     11[0m     [0;31m#Prompt the student to answer "what is number1 – number2?"[0m[0;34m[0m[0;34m[0m[0m
[1;32m     12[0m     [0mprint[0m[0;34m([0m[0;34m"Berapakah  {}  -  {} ? "[0m[0;34m.[0m[0mformat[0m[0;34m([0m[0mnumber1[0m[0;34m,[0m[0mnumber2[0m[0;34m)[0m[0;34m)[0m[0;34m[0m[0;34m[0m[0m
[0;32m---> 13[0;31m     [0manswer[0m [0;34m=[0m [0mint[0m[0;34m([0m[0minput[0m[0;34m([0m[0;34m)[0m[0;34m)[0m[0;34m[0m[0;34m[0m[0m
[0m[1;32m     14[0m     [0;31m#Grade the answer and display the result[0m[0;34m[0m[0;34m[0m[0m
[1;32m     15[0m     [0;32mif[0m [0;34m([0m[0mnumber1[0m [0;34m-[0m [0mnumber2[0m [0;34m==[0m [0manswer[0m[0;34m)[0m[0;34m:[0m[0;34m[0m[0;34m[0m[0m

[0;32m/usr/local/lib/python3.9/dist-packages/ipykernel/kernelbase.py[0m in [0;36mraw_input[0;34m(self, prompt)[0m
[1;32m    846[0m         """
[1;32m    847[0m         [0;32mif[0m [0;32mnot[0m [0mself[0m[0;34m.[0m[0m_allow_stdin[0m[0;34m:[0m[0;34m[0m[0;34m[0m[0m
[0;32m--> 848[0;31m             raise StdinNotImplementedError(
[0m[1;32m    849[0m                 [0;34m"raw_input was called, but this frontend does not support input requests."[0m[0;34m[0m[0;34m[0m[0m
[1;32m    850[0m             )

[0;31mStdinNotImplementedError[0m: raw_input was called, but this frontend does not support input requests.
StdinNotImplementedError: raw_input was called, but this frontend does not support input requests.

