Traceback (most recent call last):
  File "/usr/local/lib/python3.9/dist-packages/jupyter_cache/executors/utils.py", line 58, in single_nb_execution
    executenb(
  File "/usr/local/lib/python3.9/dist-packages/nbclient/client.py", line 1204, in execute
    return NotebookClient(nb=nb, resources=resources, km=km, **kwargs).execute()
  File "/usr/local/lib/python3.9/dist-packages/nbclient/util.py", line 84, in wrapped
    return just_run(coro(*args, **kwargs))
  File "/usr/local/lib/python3.9/dist-packages/nbclient/util.py", line 62, in just_run
    return loop.run_until_complete(coro)
  File "/usr/lib/python3.9/asyncio/base_events.py", line 647, in run_until_complete
    return future.result()
  File "/usr/local/lib/python3.9/dist-packages/nbclient/client.py", line 663, in async_execute
    await self.async_execute_cell(
  File "/usr/local/lib/python3.9/dist-packages/nbclient/client.py", line 965, in async_execute_cell
    await self._check_raise_for_error(cell, cell_index, exec_reply)
  File "/usr/local/lib/python3.9/dist-packages/nbclient/client.py", line 862, in _check_raise_for_error
    raise CellExecutionError.from_cell_and_msg(cell, exec_reply_content)
nbclient.exceptions.CellExecutionError: An error occurred while executing the following cell:
------------------
def input_sparse_matrix():
    baris=int(input("Jumlah baris = "))
    column=int(input("Jumlah kolom = "))
    vardat=int(input("Jumlah data= "))
    hasil=[[0 for j in range(column)] for i in range(baris)]
    for i in range(vardat):
        baris1=int(input("baris ke? "))
        column1=int(input("kolom ke? "))
        bariskolom=int(input("matrik [{},{}]=".format(baris1, column1)))
        hasil[baris1][column1] = bariskolom
    return hasil

hasil = input_sparse_matrix()
hasil = input_sparse_matrix()
------------------

[0;31m[0m
[0;31mStdinNotImplementedError[0mTraceback (most recent call last)
[0;32m<ipython-input-1-62f88aaae1c1>[0m in [0;36m<cell line: 13>[0;34m()[0m
[1;32m     11[0m     [0;32mreturn[0m [0mhasil[0m[0;34m[0m[0;34m[0m[0m
[1;32m     12[0m [0;34m[0m[0m
[0;32m---> 13[0;31m [0mhasil[0m [0;34m=[0m [0minput_sparse_matrix[0m[0;34m([0m[0;34m)[0m[0;34m[0m[0;34m[0m[0m
[0m[1;32m     14[0m [0mhasil[0m [0;34m=[0m [0minput_sparse_matrix[0m[0;34m([0m[0;34m)[0m[0;34m[0m[0;34m[0m[0m

[0;32m<ipython-input-1-62f88aaae1c1>[0m in [0;36minput_sparse_matrix[0;34m()[0m
[1;32m      1[0m [0;32mdef[0m [0minput_sparse_matrix[0m[0;34m([0m[0;34m)[0m[0;34m:[0m[0;34m[0m[0;34m[0m[0m
[0;32m----> 2[0;31m     [0mbaris[0m[0;34m=[0m[0mint[0m[0;34m([0m[0minput[0m[0;34m([0m[0;34m"Jumlah baris = "[0m[0;34m)[0m[0;34m)[0m[0;34m[0m[0;34m[0m[0m
[0m[1;32m      3[0m     [0mcolumn[0m[0;34m=[0m[0mint[0m[0;34m([0m[0minput[0m[0;34m([0m[0;34m"Jumlah kolom = "[0m[0;34m)[0m[0;34m)[0m[0;34m[0m[0;34m[0m[0m
[1;32m      4[0m     [0mvardat[0m[0;34m=[0m[0mint[0m[0;34m([0m[0minput[0m[0;34m([0m[0;34m"Jumlah data= "[0m[0;34m)[0m[0;34m)[0m[0;34m[0m[0;34m[0m[0m
[1;32m      5[0m     [0mhasil[0m[0;34m=[0m[0;34m[[0m[0;34m[[0m[0;36m0[0m [0;32mfor[0m [0mj[0m [0;32min[0m [0mrange[0m[0;34m([0m[0mcolumn[0m[0;34m)[0m[0;34m][0m [0;32mfor[0m [0mi[0m [0;32min[0m [0mrange[0m[0;34m([0m[0mbaris[0m[0;34m)[0m[0;34m][0m[0;34m[0m[0;34m[0m[0m

[0;32m/usr/local/lib/python3.9/dist-packages/ipykernel/kernelbase.py[0m in [0;36mraw_input[0;34m(self, prompt)[0m
[1;32m    846[0m         """
[1;32m    847[0m         [0;32mif[0m [0;32mnot[0m [0mself[0m[0;34m.[0m[0m_allow_stdin[0m[0;34m:[0m[0;34m[0m[0;34m[0m[0m
[0;32m--> 848[0;31m             raise StdinNotImplementedError(
[0m[1;32m    849[0m                 [0;34m"raw_input was called, but this frontend does not support input requests."[0m[0;34m[0m[0;34m[0m[0m
[1;32m    850[0m             )

[0;31mStdinNotImplementedError[0m: raw_input was called, but this frontend does not support input requests.
StdinNotImplementedError: raw_input was called, but this frontend does not support input requests.

